Migrating to CreateMembers (20120507062022)
Compiled jquery.js  (45ms)  (pid 16901)
Compiled jquery_ujs.js  (3ms)  (pid 16901)
Compiled js/app.js  (7ms)  (pid 16901)
Compiled js/libs/jquery-1.7.1.min.js  (4ms)  (pid 16901)
Compiled js/libs/jquery.mobile-1.1.0.min.js  (31ms)  (pid 16901)
Compiled js/libs/modernizr-2.5.3.min.js  (1ms)  (pid 16901)
Compiled js/libs/underscore-min.js  (2ms)  (pid 16901)
Compiled js/libs/yepnope.1.0.2-min.js  (2ms)  (pid 16901)
Compiled members.js  (1631ms)  (pid 16901)
Compiled application.js  (2144ms)  (pid 16901)
Compiled css/d.screen.css  (2ms)  (pid 16901)
Compiled css/jquery.mobile-1.1.0.min.css  (2ms)  (pid 16901)
Compiled css/m.screen.css  (5ms)  (pid 16901)
Compiled css/screen.css  (3ms)  (pid 16901)
Compiled members.css  (67ms)  (pid 16901)
Compiled application.css  (588ms)  (pid 16901)
Compiled jquery.js  (15ms)  (pid 16901)
Compiled jquery_ujs.js  (3ms)  (pid 16901)
Compiled js/app.js  (8ms)  (pid 16901)
Compiled js/libs/jquery-1.7.1.min.js  (6ms)  (pid 16901)
Compiled js/libs/jquery.mobile-1.1.0.min.js  (6ms)  (pid 16901)
Compiled js/libs/modernizr-2.5.3.min.js  (1ms)  (pid 16901)
Compiled js/libs/underscore-min.js  (0ms)  (pid 16901)
Compiled js/libs/yepnope.1.0.2-min.js  (2ms)  (pid 16901)
Compiled members.js  (262ms)  (pid 16901)
Compiled application.js  (750ms)  (pid 16901)
Compiled css/d.screen.css  (0ms)  (pid 16901)
Compiled css/jquery.mobile-1.1.0.min.css  (3ms)  (pid 16901)
Compiled css/m.screen.css  (3ms)  (pid 16901)
Compiled css/screen.css  (3ms)  (pid 16901)
Compiled members.css  (20ms)  (pid 16901)
Compiled application.css  (204ms)  (pid 16901)
Compiled jquery.js  (39ms)  (pid 17378)
Compiled jquery_ujs.js  (3ms)  (pid 17378)
Compiled js/app.js  (7ms)  (pid 17378)
Compiled js/libs/jquery-1.7.1.min.js  (6ms)  (pid 17378)
Compiled js/libs/jquery.mobile-1.1.0.min.js  (3ms)  (pid 17378)
Compiled js/libs/modernizr-2.5.3.min.js  (1ms)  (pid 17378)
Compiled js/libs/underscore-min.js  (2ms)  (pid 17378)
Compiled js/libs/yepnope.1.0.2-min.js  (2ms)  (pid 17378)
Compiled members.js  (1414ms)  (pid 17378)
Compiled application.js  (1947ms)  (pid 17378)
Compiled css/d.screen.css  (2ms)  (pid 17378)
Compiled css/jquery.mobile-1.1.0.min.css  (2ms)  (pid 17378)
Compiled css/m.screen.css  (3ms)  (pid 17378)
Compiled css/screen.css  (4ms)  (pid 17378)
Compiled members.css  (26ms)  (pid 17378)
Compiled application.css  (238ms)  (pid 17378)
Compiled jquery.js  (13ms)  (pid 17378)
Compiled jquery_ujs.js  (0ms)  (pid 17378)
Compiled js/app.js  (4ms)  (pid 17378)
Compiled js/libs/jquery-1.7.1.min.js  (6ms)  (pid 17378)
Compiled js/libs/jquery.mobile-1.1.0.min.js  (3ms)  (pid 17378)
Compiled js/libs/modernizr-2.5.3.min.js  (2ms)  (pid 17378)
Compiled js/libs/underscore-min.js  (3ms)  (pid 17378)
Compiled js/libs/yepnope.1.0.2-min.js  (1ms)  (pid 17378)
Compiled members.js  (245ms)  (pid 17378)
Compiled application.js  (645ms)  (pid 17378)
Compiled css/d.screen.css  (2ms)  (pid 17378)
Compiled css/jquery.mobile-1.1.0.min.css  (2ms)  (pid 17378)
Compiled css/m.screen.css  (3ms)  (pid 17378)
Compiled css/screen.css  (3ms)  (pid 17378)
Compiled members.css  (31ms)  (pid 17378)
Compiled application.css  (230ms)  (pid 17378)
Compiled jquery.js  (36ms)  (pid 18069)
Compiled jquery_ujs.js  (5ms)  (pid 18069)
Compiled js/app.js  (9ms)  (pid 18069)
Compiled js/libs/jquery-1.7.1.min.js  (4ms)  (pid 18069)
Compiled js/libs/jquery.mobile-1.1.0.min.js  (3ms)  (pid 18069)
Compiled js/libs/modernizr-2.5.3.min.js  (2ms)  (pid 18069)
Compiled js/libs/underscore-min.js  (2ms)  (pid 18069)
Compiled js/libs/yepnope.1.0.2-min.js  (2ms)  (pid 18069)
Compiled members.js  (1585ms)  (pid 18069)
Compiled application.js  (2076ms)  (pid 18069)
Compiled css/d.screen.css  (2ms)  (pid 18069)
Compiled css/jquery.mobile-1.1.0.min.css  (3ms)  (pid 18069)
Compiled css/m.screen.css  (3ms)  (pid 18069)
Compiled css/screen.css  (3ms)  (pid 18069)
Compiled members.css  (33ms)  (pid 18069)
Compiled application.css  (242ms)  (pid 18069)
Compiled jquery.js  (15ms)  (pid 18069)
Compiled jquery_ujs.js  (2ms)  (pid 18069)
Compiled js/app.js  (5ms)  (pid 18069)
Compiled js/libs/jquery-1.7.1.min.js  (6ms)  (pid 18069)
Compiled js/libs/jquery.mobile-1.1.0.min.js  (4ms)  (pid 18069)
Compiled js/libs/modernizr-2.5.3.min.js  (0ms)  (pid 18069)
Compiled js/libs/underscore-min.js  (0ms)  (pid 18069)
Compiled js/libs/yepnope.1.0.2-min.js  (1ms)  (pid 18069)
Compiled members.js  (221ms)  (pid 18069)
Compiled application.js  (651ms)  (pid 18069)
Compiled css/d.screen.css  (0ms)  (pid 18069)
Compiled css/jquery.mobile-1.1.0.min.css  (0ms)  (pid 18069)
Compiled css/m.screen.css  (2ms)  (pid 18069)
Compiled css/screen.css  (4ms)  (pid 18069)
Compiled members.css  (27ms)  (pid 18069)
Compiled application.css  (200ms)  (pid 18069)
Compiled jquery.js  (36ms)  (pid 18338)
Compiled jquery_ujs.js  (5ms)  (pid 18338)
Compiled js/app.js  (7ms)  (pid 18338)
Compiled js/libs/jquery-1.7.1.min.js  (6ms)  (pid 18338)
Compiled js/libs/jquery.mobile-1.1.0.min.js  (3ms)  (pid 18338)
Compiled js/libs/modernizr-2.5.3.min.js  (1ms)  (pid 18338)
Compiled js/libs/underscore-min.js  (2ms)  (pid 18338)
Compiled js/libs/yepnope.1.0.2-min.js  (1ms)  (pid 18338)
Compiled members.js  (1604ms)  (pid 18338)
Compiled application.js  (2175ms)  (pid 18338)
Compiled jquery.js  (39ms)  (pid 18356)
Compiled jquery_ujs.js  (5ms)  (pid 18356)
Compiled js/app.js  (9ms)  (pid 18356)
Compiled js/libs/jquery-1.7.1.min.js  (9ms)  (pid 18356)
Compiled js/libs/jquery.mobile-1.1.0.min.js  (4ms)  (pid 18356)
Compiled js/libs/modernizr-2.5.3.min.js  (1ms)  (pid 18356)
Compiled js/libs/underscore-min.js  (2ms)  (pid 18356)
Compiled js/libs/yepnope.1.0.2-min.js  (2ms)  (pid 18356)
Compiled members.js  (1411ms)  (pid 18356)
Compiled application.js  (1940ms)  (pid 18356)
Compiled css/d.screen.css  (6ms)  (pid 18356)
Compiled css/jquery.mobile-1.1.0.min.css  (2ms)  (pid 18356)
Compiled css/m.screen.css  (4ms)  (pid 18356)
Compiled css/screen.css  (1ms)  (pid 18356)
Compiled members.css  (26ms)  (pid 18356)
Compiled application.css  (261ms)  (pid 18356)
Compiled jquery-ui.js  (32ms)  (pid 18356)
Compiled jquery-ui.min.js  (8ms)  (pid 18356)
Compiled jquery.min.js  (5ms)  (pid 18356)
Compiled coffee-script.js  (5ms)  (pid 18356)
Compiled jquery.js  (13ms)  (pid 18356)
Compiled jquery_ujs.js  (1ms)  (pid 18356)
Compiled js/app.js  (6ms)  (pid 18356)
Compiled js/libs/jquery-1.7.1.min.js  (6ms)  (pid 18356)
Compiled js/libs/jquery.mobile-1.1.0.min.js  (3ms)  (pid 18356)
Compiled js/libs/modernizr-2.5.3.min.js  (1ms)  (pid 18356)
Compiled js/libs/underscore-min.js  (2ms)  (pid 18356)
Compiled js/libs/yepnope.1.0.2-min.js  (0ms)  (pid 18356)
Compiled members.js  (233ms)  (pid 18356)
Compiled application.js  (664ms)  (pid 18356)
Compiled css/d.screen.css  (4ms)  (pid 18356)
Compiled css/jquery.mobile-1.1.0.min.css  (2ms)  (pid 18356)
Compiled css/m.screen.css  (3ms)  (pid 18356)
Compiled css/screen.css  (0ms)  (pid 18356)
Compiled members.css  (19ms)  (pid 18356)
Compiled application.css  (196ms)  (pid 18356)
Compiled jquery-ui.js  (22ms)  (pid 18356)
Compiled jquery-ui.min.js  (6ms)  (pid 18356)
Compiled jquery.min.js  (3ms)  (pid 18356)
Compiled coffee-script.js  (6ms)  (pid 18356)
Compiled jquery.js  (39ms)  (pid 18553)
Compiled jquery_ujs.js  (7ms)  (pid 18553)
Compiled js/app.js  (9ms)  (pid 18553)
Compiled js/libs/jquery-1.7.1.min.js  (6ms)  (pid 18553)
Compiled js/libs/jquery.mobile-1.1.0.min.js  (5ms)  (pid 18553)
Compiled js/libs/modernizr-2.5.3.min.js  (1ms)  (pid 18553)
Compiled js/libs/underscore-min.js  (3ms)  (pid 18553)
Compiled js/libs/yepnope.1.0.2-min.js  (1ms)  (pid 18553)
Compiled members.js  (1726ms)  (pid 18553)
Compiled application.js  (2306ms)  (pid 18553)
Compiled css/d.screen.css  (6ms)  (pid 18553)
Compiled css/jquery.mobile-1.1.0.min.css  (2ms)  (pid 18553)
Compiled css/m.screen.css  (4ms)  (pid 18553)
Compiled css/screen.css  (2ms)  (pid 18553)
Compiled members.css  (29ms)  (pid 18553)
Compiled application.css  (263ms)  (pid 18553)
Compiled jquery-ui.js  (19ms)  (pid 18553)
Compiled jquery-ui.min.js  (3ms)  (pid 18553)
Compiled jquery.min.js  (3ms)  (pid 18553)
Compiled coffee-script.js  (4ms)  (pid 18553)
Compiled jquery.js  (13ms)  (pid 18553)
Compiled jquery_ujs.js  (1ms)  (pid 18553)
Compiled js/app.js  (6ms)  (pid 18553)
Compiled js/libs/jquery-1.7.1.min.js  (8ms)  (pid 18553)
Compiled js/libs/jquery.mobile-1.1.0.min.js  (3ms)  (pid 18553)
Compiled js/libs/modernizr-2.5.3.min.js  (2ms)  (pid 18553)
Compiled js/libs/underscore-min.js  (1ms)  (pid 18553)
Compiled js/libs/yepnope.1.0.2-min.js  (0ms)  (pid 18553)
Compiled members.js  (268ms)  (pid 18553)
Compiled application.js  (711ms)  (pid 18553)
Compiled css/d.screen.css  (6ms)  (pid 18553)
Compiled css/jquery.mobile-1.1.0.min.css  (1ms)  (pid 18553)
Compiled css/m.screen.css  (3ms)  (pid 18553)
Compiled css/screen.css  (2ms)  (pid 18553)
Compiled members.css  (17ms)  (pid 18553)
Compiled application.css  (193ms)  (pid 18553)
Compiled jquery-ui.js  (24ms)  (pid 18553)
Compiled jquery-ui.min.js  (7ms)  (pid 18553)
Compiled jquery.min.js  (3ms)  (pid 18553)
Compiled coffee-script.js  (6ms)  (pid 18553)
Compiled jquery.js  (45ms)  (pid 18617)
Compiled jquery_ujs.js  (5ms)  (pid 18617)
Compiled js/app.js  (17ms)  (pid 18617)
Compiled js/libs/jquery-1.7.1.min.js  (7ms)  (pid 18617)
Compiled js/libs/jquery.mobile-1.1.0.min.js  (4ms)  (pid 18617)
Compiled js/libs/modernizr-2.5.3.min.js  (3ms)  (pid 18617)
Compiled js/libs/underscore-min.js  (4ms)  (pid 18617)
Compiled js/libs/yepnope.1.0.2-min.js  (2ms)  (pid 18617)
Compiled members.js  (2118ms)  (pid 18617)
Compiled application.js  (2866ms)  (pid 18617)
Compiled css/d.screen.css  (6ms)  (pid 18617)
Compiled css/jquery.mobile-1.1.0.min.css  (2ms)  (pid 18617)
Compiled css/m.screen.css  (2ms)  (pid 18617)
Compiled css/screen.css  (3ms)  (pid 18617)
Compiled members.css  (23ms)  (pid 18617)
Compiled application.css  (240ms)  (pid 18617)
Compiled jquery-ui.js  (36ms)  (pid 18617)
Compiled jquery-ui.min.js  (4ms)  (pid 18617)
Compiled jquery.min.js  (5ms)  (pid 18617)
Compiled coffee-script.js  (6ms)  (pid 18617)
Compiled jquery.js  (13ms)  (pid 18617)
Compiled jquery_ujs.js  (2ms)  (pid 18617)
Compiled js/app.js  (4ms)  (pid 18617)
Compiled js/libs/jquery-1.7.1.min.js  (6ms)  (pid 18617)
Compiled js/libs/jquery.mobile-1.1.0.min.js  (3ms)  (pid 18617)
Compiled js/libs/modernizr-2.5.3.min.js  (0ms)  (pid 18617)
Compiled js/libs/underscore-min.js  (1ms)  (pid 18617)
Compiled js/libs/yepnope.1.0.2-min.js  (1ms)  (pid 18617)
Compiled members.js  (259ms)  (pid 18617)
Compiled application.js  (677ms)  (pid 18617)
Compiled css/d.screen.css  (6ms)  (pid 18617)
Compiled css/jquery.mobile-1.1.0.min.css  (3ms)  (pid 18617)
Compiled css/m.screen.css  (3ms)  (pid 18617)
Compiled css/screen.css  (2ms)  (pid 18617)
Compiled members.css  (19ms)  (pid 18617)
Compiled application.css  (232ms)  (pid 18617)
Compiled jquery-ui.js  (19ms)  (pid 18617)
Compiled jquery-ui.min.js  (4ms)  (pid 18617)
Compiled jquery.min.js  (4ms)  (pid 18617)
Compiled coffee-script.js  (3ms)  (pid 18617)
Compiled jquery.js  (39ms)  (pid 18819)
Compiled jquery_ujs.js  (5ms)  (pid 18819)
Compiled js/app.js  (9ms)  (pid 18819)
Compiled js/libs/jquery-1.7.1.js  (9ms)  (pid 18819)
Compiled js/libs/jquery-1.7.1.min.js  (3ms)  (pid 18819)
Compiled js/libs/jquery.mobile-1.1.0.min.js  (3ms)  (pid 18819)
Compiled js/libs/modernizr-2.5.3.min.js  (2ms)  (pid 18819)
Compiled js/libs/underscore-min.js  (2ms)  (pid 18819)
Compiled js/libs/yepnope.1.0.2-min.js  (2ms)  (pid 18819)
Compiled members.js  (1566ms)  (pid 18819)
Compiled application.js  (2176ms)  (pid 18819)
Compiled jquery.js  (45ms)  (pid 18836)
Compiled jquery_ujs.js  (3ms)  (pid 18836)
Compiled js/app.js  (9ms)  (pid 18836)
Compiled js/libs/jquery-1.7.1.js  (9ms)  (pid 18836)
Compiled js/libs/jquery-1.7.1.min.js  (4ms)  (pid 18836)
Compiled js/libs/jquery.mobile-1.1.0.min.js  (4ms)  (pid 18836)
Compiled js/libs/modernizr-2.5.3.min.js  (1ms)  (pid 18836)
Compiled js/libs/underscore-min.js  (3ms)  (pid 18836)
Compiled js/libs/yepnope.1.0.2-min.js  (1ms)  (pid 18836)
Compiled members.js  (1586ms)  (pid 18836)
Compiled application.js  (2190ms)  (pid 18836)
Compiled css/d.screen.css  (2ms)  (pid 18836)
Compiled css/jquery.mobile-1.1.0.min.css  (4ms)  (pid 18836)
Compiled css/m.screen.css  (3ms)  (pid 18836)
Compiled css/screen.css  (0ms)  (pid 18836)
Compiled members.css  (24ms)  (pid 18836)
Compiled application.css  (239ms)  (pid 18836)
Compiled jquery-ui.js  (17ms)  (pid 18836)
Compiled jquery-ui.min.js  (6ms)  (pid 18836)
Compiled jquery.min.js  (3ms)  (pid 18836)
Compiled coffee-script.js  (6ms)  (pid 18836)
Compiled jquery.js  (14ms)  (pid 18836)
Compiled jquery_ujs.js  (3ms)  (pid 18836)
Compiled js/app.js  (6ms)  (pid 18836)
Compiled js/libs/jquery-1.7.1.js  (13ms)  (pid 18836)
Compiled js/libs/jquery-1.7.1.min.js  (3ms)  (pid 18836)
Compiled js/libs/jquery.mobile-1.1.0.min.js  (3ms)  (pid 18836)
Compiled js/libs/modernizr-2.5.3.min.js  (1ms)  (pid 18836)
Compiled js/libs/underscore-min.js  (1ms)  (pid 18836)
Compiled js/libs/yepnope.1.0.2-min.js  (0ms)  (pid 18836)
Compiled members.js  (240ms)  (pid 18836)
Compiled application.js  (720ms)  (pid 18836)
Compiled css/d.screen.css  (1ms)  (pid 18836)
Compiled css/jquery.mobile-1.1.0.min.css  (4ms)  (pid 18836)
Compiled css/m.screen.css  (1ms)  (pid 18836)
Compiled css/screen.css  (1ms)  (pid 18836)
Compiled members.css  (19ms)  (pid 18836)
Compiled application.css  (191ms)  (pid 18836)
Compiled jquery-ui.js  (9ms)  (pid 18836)
Compiled jquery-ui.min.js  (8ms)  (pid 18836)
Compiled jquery.min.js  (3ms)  (pid 18836)
Compiled coffee-script.js  (6ms)  (pid 18836)
